<?xml version="1.0" encoding="UTF-8"?>
<!-- Generated by org.testng.reporters.JUnitXMLReporter -->
<testsuite ignored="1" hostname="DESKTOP-L8VPHJS" failures="0" tests="1" name="ModuleOneTest(failed)(failed)" time="4.31" errors="0" timestamp="2024-11-07T11:08:26 IST">
  <testcase classname="testScripts.GooglePageSearchTest" name="seleniumSearchTest" time="2.222"/>
  <testcase classname="testScripts.GooglePageSearchTest" name="javaSearchTest" time="0.0">
    <ignored/>
  </testcase> <!-- javaSearchTest -->
</testsuite> <!-- ModuleOneTest(failed)(failed) -->
