<?xml version="1.0" encoding="UTF-8"?>
<!-- Generated by org.testng.reporters.JUnitXMLReporter -->
<testsuite ignored="0" hostname="DESKTOP-L8VPHJS" failures="0" tests="4" name="ModuleTwoTest" time="9.727" errors="0" timestamp="2024-11-08T12:34:37 IST">
  <testcase classname="parallelScripts.SampleTwoTest" name="testFour" time="3.203"/>
  <testcase classname="parallelScripts.SampleTwoTest" name="testOne" time="1.548"/>
  <testcase classname="parallelScripts.SampleTwoTest" name="testThree" time="3.371"/>
  <testcase classname="parallelScripts.SampleTwoTest" name="testTwo" time="1.571"/>
</testsuite> <!-- ModuleTwoTest -->
