<?xml version="1.0" encoding="UTF-8"?>
<!-- Generated by org.testng.reporters.JUnitXMLReporter -->
<testsuite ignored="0" hostname="DESKTOP-L8VPHJS" failures="0" tests="8" name="ModuleOneTest" time="0.059" errors="0" timestamp="2024-11-08T12:34:27 IST">
  <testcase classname="parallelScripts.SampleOneTest" name="testFour" time="0.009"/>
  <testcase classname="parallelScripts.SampleOneTest" name="testOne" time="0.0"/>
  <testcase classname="parallelScripts.SampleOneTest" name="testThree" time="0.002"/>
  <testcase classname="parallelScripts.SampleOneTest" name="testTwo" time="0.001"/>
  <testcase classname="parallelScripts.SampleThreeTest" name="testFour" time="0.001"/>
  <testcase classname="parallelScripts.SampleThreeTest" name="testOne" time="0.001"/>
  <testcase classname="parallelScripts.SampleThreeTest" name="testThree" time="0.001"/>
  <testcase classname="parallelScripts.SampleThreeTest" name="testTwo" time="0.001"/>
</testsuite> <!-- ModuleOneTest -->
