<?xml version="1.0" encoding="UTF-8"?>
<testng-results ignored="0" total="1" passed="1" failed="0" skipped="0">
  <reporter-output>
  </reporter-output>
  <suite started-at="2024-11-08T10:49:06 IST" name="SampleSuite" finished-at="2024-11-08T10:49:14 IST" duration-ms="7886">
    <groups>
    </groups>
    <test started-at="2024-11-08T10:49:06 IST" name="ModuleOneTest" finished-at="2024-11-08T10:49:14 IST" duration-ms="7886">
      <class name="testScripts.LocatorTest">
        <test-method is-config="true" signature="setup(java.lang.String)[pri:0, instance:testScripts.LocatorTest@1725dc0f]" started-at="2024-11-08T10:49:06 IST" name="setup" finished-at="2024-11-08T10:49:10 IST" duration-ms="3772" status="PASS">
          <params>
            <param index="0">
              <value>
                <![CDATA[edge]]>
              </value>
            </param>
          </params>
          <reporter-output>
          </reporter-output>
        </test-method> <!-- setup -->
        <test-method signature="loginTest()[pri:0, instance:testScripts.LocatorTest@1725dc0f]" started-at="2024-11-08T10:49:10 IST" name="loginTest" finished-at="2024-11-08T10:49:14 IST" duration-ms="4072" status="PASS">
          <reporter-output>
          </reporter-output>
        </test-method> <!-- loginTest -->
      </class> <!-- testScripts.LocatorTest -->
    </test> <!-- ModuleOneTest -->
  </suite> <!-- SampleSuite -->
</testng-results>
