<?xml version="1.0" encoding="UTF-8"?>
<testng-results ignored="0" total="1" passed="1" failed="0" skipped="0">
  <reporter-output>
  </reporter-output>
  <suite started-at="2024-10-30T10:58:23 IST" name="Default suite" finished-at="2024-10-30T10:58:28 IST" duration-ms="5895">
    <groups>
    </groups>
    <test started-at="2024-10-30T10:58:23 IST" name="Default test" finished-at="2024-10-30T10:58:28 IST" duration-ms="5895">
      <class name="testScripts.LocatorTest">
        <test-method signature="loginTest()[pri:0, instance:testScripts.LocatorTest@2f7c2f4f]" started-at="2024-10-30T10:58:23 IST" name="loginTest" finished-at="2024-10-30T10:58:28 IST" duration-ms="5870" status="PASS">
          <reporter-output>
          </reporter-output>
        </test-method> <!-- loginTest -->
      </class> <!-- testScripts.LocatorTest -->
    </test> <!-- Default test -->
  </suite> <!-- Default suite -->
</testng-results>
