<?xml version="1.0" encoding="UTF-8"?>
<testng-results ignored="0" total="1" passed="1" failed="0" skipped="0">
  <reporter-output>
  </reporter-output>
  <suite started-at="2024-12-10T10:04:42 IST" name="Default suite" finished-at="2024-12-10T10:04:47 IST" duration-ms="5042">
    <groups>
    </groups>
    <test started-at="2024-12-10T10:04:42 IST" name="Default test" finished-at="2024-12-10T10:04:47 IST" duration-ms="5042">
      <class name="testScripts.WebTableTest">
        <test-method signature="verifyBookDetails()[pri:0, instance:testScripts.WebTableTest@a9cd3b1]" started-at="2024-12-10T10:04:42 IST" name="verifyBookDetails" finished-at="2024-12-10T10:04:47 IST" duration-ms="5009" status="PASS">
          <reporter-output>
          </reporter-output>
        </test-method> <!-- verifyBookDetails -->
      </class> <!-- testScripts.WebTableTest -->
    </test> <!-- Default test -->
  </suite> <!-- Default suite -->
</testng-results>
